* using log directory ‘/home/ceeles/Development/rPackages/ToxicoGx/ToxicoGx.Rcheck’
* using R version 3.6.1 (2019-07-05)
* using platform: x86_64-pc-linux-gnu (64-bit)
* using session charset: UTF-8
* using option ‘--as-cran’
* checking for file ‘ToxicoGx/DESCRIPTION’ ... OK
* checking extension type ... Package
* this is package ‘ToxicoGx’ version ‘0.0.1’
* package encoding: UTF-8
* checking CRAN incoming feasibility ... NOTE
Maintainer: ‘Benjamin Haibe-Kains <benjamin.haibe.kains@utoronto.ca>’

New submission

Package has a VignetteBuilder field but no prebuilt vignette index.

Size of tarball: 61271785 bytes
* checking package namespace information ... OK
* checking package dependencies ... OK
* checking if this is a source package ... OK
* checking if there is a namespace ... OK
* checking for executable files ... OK
* checking for hidden files and directories ... OK
* checking for portable file names ... OK
* checking for sufficient/correct file permissions ... OK
* checking whether package ‘ToxicoGx’ can be installed ... OK
* checking installed package size ... NOTE
  installed size is 20.7Mb
  sub-directories of 1Mb or more:
    data  20.0Mb
* checking package directory ... OK
* checking for future file timestamps ... OK
* checking DESCRIPTION meta-information ... OK
* checking top-level files ... NOTE
Non-standard file/directory found at top level:
  ‘ToxicoGx_0.0.1.tar.gz’
* checking for left-over files ... OK
* checking index information ... OK
* checking package subdirectories ... OK
* checking R files for non-ASCII characters ... OK
* checking R files for syntax errors ... OK
* checking whether the package can be loaded ... OK
* checking whether the package can be loaded with stated dependencies ... OK
* checking whether the package can be unloaded cleanly ... OK
* checking whether the namespace can be loaded with stated dependencies ... OK
* checking whether the namespace can be unloaded cleanly ... OK
* checking loading without being on the library search path ... OK
* checking use of S3 registration ... OK
* checking dependencies in R code ... OK
* checking S3 generic/method consistency ... OK
* checking replacement functions ... OK
* checking foreign function calls ... OK
* checking R code for possible problems ... OK
* checking Rd files ... OK
* checking Rd metadata ... OK
* checking Rd line widths ... OK
* checking Rd cross-references ... OK
* checking for missing documentation entries ... OK
* checking for code/documentation mismatches ... OK
* checking Rd \usage sections ... OK
* checking Rd contents ... OK
* checking for unstated dependencies in examples ... OK
* checking contents of ‘data’ directory ... OK
* checking data for non-ASCII characters ... OK
* checking data for ASCII and uncompressed saves ... OK
* checking files in ‘vignettes’ ... WARNING
Files in the 'vignettes' directory but no files in 'inst/doc':
  ‘toxicoGxCaseStudies.Rmd’
Files named as vignettes but with no recognized vignette engine:
   ‘vignettes/toxicoGxCaseStudies.Rmd’
(Is a VignetteBuilder field missing?)
* checking examples ... NOTE
Examples with CPU or elapsed time > 5s
                            user system elapsed
summarizeMolecularProfiles 7.007  0.325   7.481
* checking PDF version of manual ... OK
* DONE
Status: 1 WARNING, 4 NOTEs
